ERROR - 2022-05-31 02:11:17 --> Error connecting to the database: Connection refused
CRITICAL - 2022-05-31 02:11:17 --> Unable to connect to the database.
Main connection [MySQLi]: Connection refused
#0 /Applications/MAMP/htdocs/nestiADMIN_CodeIgniter4/project_root_CodeIgniter4/system/Database/BaseConnection.php(577): CodeIgniter\Database\BaseConnection->initialize()
#1 /Applications/MAMP/htdocs/nestiADMIN_CodeIgniter4/project_root_CodeIgniter4/system/Database/BaseBuilder.php(1455): CodeIgniter\Database\BaseConnection->query('SELECT *\nFROM `...', Array, false)
#2 /Applications/MAMP/htdocs/nestiADMIN_CodeIgniter4/project_root_CodeIgniter4/system/Model.php(183): CodeIgniter\Database\BaseBuilder->get()
#3 /Applications/MAMP/htdocs/nestiADMIN_CodeIgniter4/project_root_CodeIgniter4/system/BaseModel.php(584): CodeIgniter\Model->doFindAll(0, 0)
#4 /Applications/MAMP/htdocs/nestiADMIN_CodeIgniter4/project_root_CodeIgniter4/app/Controllers/Tags.php(14): CodeIgniter\BaseModel->findAll()
#5 /Applications/MAMP/htdocs/nestiADMIN_CodeIgniter4/project_root_CodeIgniter4/system/CodeIgniter.php(832): App\Controllers\Tags->index()
#6 /Applications/MAMP/htdocs/nestiADMIN_CodeIgniter4/project_root_CodeIgniter4/system/CodeIgniter.php(419): CodeIgniter\CodeIgniter->runController(Object(App\Controllers\Tags))
#7 /Applications/MAMP/htdocs/nestiADMIN_CodeIgniter4/project_root_CodeIgniter4/system/CodeIgniter.php(326): CodeIgniter\CodeIgniter->handleRequest(NULL, Object(Config\Cache), false)
#8 /Applications/MAMP/htdocs/nestiADMIN_CodeIgniter4/project_root_CodeIgniter4/public/index.php(37): CodeIgniter\CodeIgniter->run()
#9 {main}
ERROR - 2022-05-31 02:11:47 --> Error connecting to the database: Connection refused
CRITICAL - 2022-05-31 02:11:47 --> Unable to connect to the database.
Main connection [MySQLi]: Connection refused
#0 /Applications/MAMP/htdocs/nestiADMIN_CodeIgniter4/project_root_CodeIgniter4/system/Database/BaseConnection.php(577): CodeIgniter\Database\BaseConnection->initialize()
#1 /Applications/MAMP/htdocs/nestiADMIN_CodeIgniter4/project_root_CodeIgniter4/system/Database/BaseBuilder.php(1455): CodeIgniter\Database\BaseConnection->query('SELECT *\nFROM `...', Array, false)
#2 /Applications/MAMP/htdocs/nestiADMIN_CodeIgniter4/project_root_CodeIgniter4/system/Model.php(142): CodeIgniter\Database\BaseBuilder->get()
#3 /Applications/MAMP/htdocs/nestiADMIN_CodeIgniter4/project_root_CodeIgniter4/system/BaseModel.php(523): CodeIgniter\Model->doFind(true, '1')
#4 /Applications/MAMP/htdocs/nestiADMIN_CodeIgniter4/project_root_CodeIgniter4/app/Controllers/Tags.php(33): CodeIgniter\BaseModel->find('1')
#5 /Applications/MAMP/htdocs/nestiADMIN_CodeIgniter4/project_root_CodeIgniter4/system/CodeIgniter.php(832): App\Controllers\Tags->oneTag('1')
#6 /Applications/MAMP/htdocs/nestiADMIN_CodeIgniter4/project_root_CodeIgniter4/system/CodeIgniter.php(419): CodeIgniter\CodeIgniter->runController(Object(App\Controllers\Tags))
#7 /Applications/MAMP/htdocs/nestiADMIN_CodeIgniter4/project_root_CodeIgniter4/system/CodeIgniter.php(326): CodeIgniter\CodeIgniter->handleRequest(NULL, Object(Config\Cache), false)
#8 /Applications/MAMP/htdocs/nestiADMIN_CodeIgniter4/project_root_CodeIgniter4/public/index.php(37): CodeIgniter\CodeIgniter->run()
#9 {main}
ERROR - 2022-05-31 02:13:24 --> Table 'mcdphpnesti.cat' doesn't exist
CRITICAL - 2022-05-31 02:13:24 --> Table 'mcdphpnesti.cat' doesn't exist
#0 /Applications/MAMP/htdocs/nestiADMIN_CodeIgniter4/project_root_CodeIgniter4/system/Database/MySQLi/Connection.php(292): mysqli->query('SELECT *\nFROM `...', 0)
#1 /Applications/MAMP/htdocs/nestiADMIN_CodeIgniter4/project_root_CodeIgniter4/system/Database/BaseConnection.php(670): CodeIgniter\Database\MySQLi\Connection->execute('SELECT *\nFROM `...')
#2 /Applications/MAMP/htdocs/nestiADMIN_CodeIgniter4/project_root_CodeIgniter4/system/Database/BaseConnection.php(598): CodeIgniter\Database\BaseConnection->simpleQuery('SELECT *\nFROM `...')
#3 /Applications/MAMP/htdocs/nestiADMIN_CodeIgniter4/project_root_CodeIgniter4/system/Database/BaseBuilder.php(1455): CodeIgniter\Database\BaseConnection->query('SELECT *\nFROM `...', Array, false)
#4 /Applications/MAMP/htdocs/nestiADMIN_CodeIgniter4/project_root_CodeIgniter4/system/Model.php(142): CodeIgniter\Database\BaseBuilder->get()
#5 /Applications/MAMP/htdocs/nestiADMIN_CodeIgniter4/project_root_CodeIgniter4/system/BaseModel.php(523): CodeIgniter\Model->doFind(true, '1')
#6 /Applications/MAMP/htdocs/nestiADMIN_CodeIgniter4/project_root_CodeIgniter4/app/Controllers/Tags.php(33): CodeIgniter\BaseModel->find('1')
#7 /Applications/MAMP/htdocs/nestiADMIN_CodeIgniter4/project_root_CodeIgniter4/system/CodeIgniter.php(832): App\Controllers\Tags->oneTag('1')
#8 /Applications/MAMP/htdocs/nestiADMIN_CodeIgniter4/project_root_CodeIgniter4/system/CodeIgniter.php(419): CodeIgniter\CodeIgniter->runController(Object(App\Controllers\Tags))
#9 /Applications/MAMP/htdocs/nestiADMIN_CodeIgniter4/project_root_CodeIgniter4/system/CodeIgniter.php(326): CodeIgniter\CodeIgniter->handleRequest(NULL, Object(Config\Cache), false)
#10 /Applications/MAMP/htdocs/nestiADMIN_CodeIgniter4/project_root_CodeIgniter4/public/index.php(37): CodeIgniter\CodeIgniter->run()
#11 {main}
ERROR - 2022-05-31 02:13:35 --> Table 'mcdphpnesti.cat' doesn't exist
CRITICAL - 2022-05-31 02:13:35 --> Table 'mcdphpnesti.cat' doesn't exist
#0 /Applications/MAMP/htdocs/nestiADMIN_CodeIgniter4/project_root_CodeIgniter4/system/Database/MySQLi/Connection.php(292): mysqli->query('SELECT *\nFROM `...', 0)
#1 /Applications/MAMP/htdocs/nestiADMIN_CodeIgniter4/project_root_CodeIgniter4/system/Database/BaseConnection.php(670): CodeIgniter\Database\MySQLi\Connection->execute('SELECT *\nFROM `...')
#2 /Applications/MAMP/htdocs/nestiADMIN_CodeIgniter4/project_root_CodeIgniter4/system/Database/BaseConnection.php(598): CodeIgniter\Database\BaseConnection->simpleQuery('SELECT *\nFROM `...')
#3 /Applications/MAMP/htdocs/nestiADMIN_CodeIgniter4/project_root_CodeIgniter4/system/Database/BaseBuilder.php(1455): CodeIgniter\Database\BaseConnection->query('SELECT *\nFROM `...', Array, false)
#4 /Applications/MAMP/htdocs/nestiADMIN_CodeIgniter4/project_root_CodeIgniter4/system/Model.php(183): CodeIgniter\Database\BaseBuilder->get()
#5 /Applications/MAMP/htdocs/nestiADMIN_CodeIgniter4/project_root_CodeIgniter4/system/BaseModel.php(584): CodeIgniter\Model->doFindAll(0, 0)
#6 /Applications/MAMP/htdocs/nestiADMIN_CodeIgniter4/project_root_CodeIgniter4/app/Controllers/Tags.php(14): CodeIgniter\BaseModel->findAll()
#7 /Applications/MAMP/htdocs/nestiADMIN_CodeIgniter4/project_root_CodeIgniter4/system/CodeIgniter.php(832): App\Controllers\Tags->index()
#8 /Applications/MAMP/htdocs/nestiADMIN_CodeIgniter4/project_root_CodeIgniter4/system/CodeIgniter.php(419): CodeIgniter\CodeIgniter->runController(Object(App\Controllers\Tags))
#9 /Applications/MAMP/htdocs/nestiADMIN_CodeIgniter4/project_root_CodeIgniter4/system/CodeIgniter.php(326): CodeIgniter\CodeIgniter->handleRequest(NULL, Object(Config\Cache), false)
#10 /Applications/MAMP/htdocs/nestiADMIN_CodeIgniter4/project_root_CodeIgniter4/public/index.php(37): CodeIgniter\CodeIgniter->run()
#11 {main}
ERROR - 2022-05-31 02:36:25 --> Error connecting to the database: Connection refused
CRITICAL - 2022-05-31 02:36:25 --> Unable to connect to the database.
Main connection [MySQLi]: Connection refused
#0 /Applications/MAMP/htdocs/nestiADMIN_CodeIgniter4/project_root_CodeIgniter4/system/Database/BaseConnection.php(577): CodeIgniter\Database\BaseConnection->initialize()
#1 /Applications/MAMP/htdocs/nestiADMIN_CodeIgniter4/project_root_CodeIgniter4/system/Database/BaseBuilder.php(1455): CodeIgniter\Database\BaseConnection->query('SELECT *\nFROM `...', Array, false)
#2 /Applications/MAMP/htdocs/nestiADMIN_CodeIgniter4/project_root_CodeIgniter4/system/Model.php(183): CodeIgniter\Database\BaseBuilder->get()
#3 /Applications/MAMP/htdocs/nestiADMIN_CodeIgniter4/project_root_CodeIgniter4/system/BaseModel.php(584): CodeIgniter\Model->doFindAll(0, 0)
#4 /Applications/MAMP/htdocs/nestiADMIN_CodeIgniter4/project_root_CodeIgniter4/app/Controllers/Tags.php(13): CodeIgniter\BaseModel->findAll()
#5 /Applications/MAMP/htdocs/nestiADMIN_CodeIgniter4/project_root_CodeIgniter4/system/CodeIgniter.php(832): App\Controllers\Tags->index()
#6 /Applications/MAMP/htdocs/nestiADMIN_CodeIgniter4/project_root_CodeIgniter4/system/CodeIgniter.php(419): CodeIgniter\CodeIgniter->runController(Object(App\Controllers\Tags))
#7 /Applications/MAMP/htdocs/nestiADMIN_CodeIgniter4/project_root_CodeIgniter4/system/CodeIgniter.php(326): CodeIgniter\CodeIgniter->handleRequest(NULL, Object(Config\Cache), false)
#8 /Applications/MAMP/htdocs/nestiADMIN_CodeIgniter4/project_root_CodeIgniter4/public/index.php(37): CodeIgniter\CodeIgniter->run()
#9 {main}
ERROR - 2022-05-31 02:36:29 --> Error connecting to the database: Connection refused
CRITICAL - 2022-05-31 02:36:29 --> Unable to connect to the database.
Main connection [MySQLi]: Connection refused
#0 /Applications/MAMP/htdocs/nestiADMIN_CodeIgniter4/project_root_CodeIgniter4/system/Database/BaseConnection.php(577): CodeIgniter\Database\BaseConnection->initialize()
#1 /Applications/MAMP/htdocs/nestiADMIN_CodeIgniter4/project_root_CodeIgniter4/system/Database/BaseBuilder.php(1455): CodeIgniter\Database\BaseConnection->query('SELECT *\nFROM `...', Array, false)
#2 /Applications/MAMP/htdocs/nestiADMIN_CodeIgniter4/project_root_CodeIgniter4/system/Model.php(183): CodeIgniter\Database\BaseBuilder->get()
#3 /Applications/MAMP/htdocs/nestiADMIN_CodeIgniter4/project_root_CodeIgniter4/system/BaseModel.php(584): CodeIgniter\Model->doFindAll(0, 0)
#4 /Applications/MAMP/htdocs/nestiADMIN_CodeIgniter4/project_root_CodeIgniter4/app/Controllers/Tags.php(13): CodeIgniter\BaseModel->findAll()
#5 /Applications/MAMP/htdocs/nestiADMIN_CodeIgniter4/project_root_CodeIgniter4/system/CodeIgniter.php(832): App\Controllers\Tags->index()
#6 /Applications/MAMP/htdocs/nestiADMIN_CodeIgniter4/project_root_CodeIgniter4/system/CodeIgniter.php(419): CodeIgniter\CodeIgniter->runController(Object(App\Controllers\Tags))
#7 /Applications/MAMP/htdocs/nestiADMIN_CodeIgniter4/project_root_CodeIgniter4/system/CodeIgniter.php(326): CodeIgniter\CodeIgniter->handleRequest(NULL, Object(Config\Cache), false)
#8 /Applications/MAMP/htdocs/nestiADMIN_CodeIgniter4/project_root_CodeIgniter4/public/index.php(37): CodeIgniter\CodeIgniter->run()
#9 {main}
ERROR - 2022-05-31 02:38:30 --> Error connecting to the database: Connection refused
CRITICAL - 2022-05-31 02:38:30 --> Unable to connect to the database.
Main connection [MySQLi]: Connection refused
#0 /Applications/MAMP/htdocs/nestiADMIN_CodeIgniter4/project_root_CodeIgniter4/system/Database/BaseConnection.php(577): CodeIgniter\Database\BaseConnection->initialize()
#1 /Applications/MAMP/htdocs/nestiADMIN_CodeIgniter4/project_root_CodeIgniter4/system/Database/BaseBuilder.php(1455): CodeIgniter\Database\BaseConnection->query('SELECT *\nFROM `...', Array, false)
#2 /Applications/MAMP/htdocs/nestiADMIN_CodeIgniter4/project_root_CodeIgniter4/system/Model.php(183): CodeIgniter\Database\BaseBuilder->get()
#3 /Applications/MAMP/htdocs/nestiADMIN_CodeIgniter4/project_root_CodeIgniter4/system/BaseModel.php(584): CodeIgniter\Model->doFindAll(0, 0)
#4 /Applications/MAMP/htdocs/nestiADMIN_CodeIgniter4/project_root_CodeIgniter4/app/Controllers/Tags.php(13): CodeIgniter\BaseModel->findAll()
#5 /Applications/MAMP/htdocs/nestiADMIN_CodeIgniter4/project_root_CodeIgniter4/system/CodeIgniter.php(832): App\Controllers\Tags->index()
#6 /Applications/MAMP/htdocs/nestiADMIN_CodeIgniter4/project_root_CodeIgniter4/system/CodeIgniter.php(419): CodeIgniter\CodeIgniter->runController(Object(App\Controllers\Tags))
#7 /Applications/MAMP/htdocs/nestiADMIN_CodeIgniter4/project_root_CodeIgniter4/system/CodeIgniter.php(326): CodeIgniter\CodeIgniter->handleRequest(NULL, Object(Config\Cache), false)
#8 /Applications/MAMP/htdocs/nestiADMIN_CodeIgniter4/project_root_CodeIgniter4/public/index.php(37): CodeIgniter\CodeIgniter->run()
#9 {main}
CRITICAL - 2022-05-31 02:40:03 --> Call to undefined function App\Controllers\renderJson()
#0 /Applications/MAMP/htdocs/nestiADMIN_CodeIgniter4/project_root_CodeIgniter4/system/CodeIgniter.php(832): App\Controllers\Tags->index()
#1 /Applications/MAMP/htdocs/nestiADMIN_CodeIgniter4/project_root_CodeIgniter4/system/CodeIgniter.php(419): CodeIgniter\CodeIgniter->runController(Object(App\Controllers\Tags))
#2 /Applications/MAMP/htdocs/nestiADMIN_CodeIgniter4/project_root_CodeIgniter4/system/CodeIgniter.php(326): CodeIgniter\CodeIgniter->handleRequest(NULL, Object(Config\Cache), false)
#3 /Applications/MAMP/htdocs/nestiADMIN_CodeIgniter4/project_root_CodeIgniter4/public/index.php(37): CodeIgniter\CodeIgniter->run()
#4 {main}
CRITICAL - 2022-05-31 02:40:10 --> Call to undefined function App\Controllers\renderJson()
#0 /Applications/MAMP/htdocs/nestiADMIN_CodeIgniter4/project_root_CodeIgniter4/system/CodeIgniter.php(832): App\Controllers\Tags->index()
#1 /Applications/MAMP/htdocs/nestiADMIN_CodeIgniter4/project_root_CodeIgniter4/system/CodeIgniter.php(419): CodeIgniter\CodeIgniter->runController(Object(App\Controllers\Tags))
#2 /Applications/MAMP/htdocs/nestiADMIN_CodeIgniter4/project_root_CodeIgniter4/system/CodeIgniter.php(326): CodeIgniter\CodeIgniter->handleRequest(NULL, Object(Config\Cache), false)
#3 /Applications/MAMP/htdocs/nestiADMIN_CodeIgniter4/project_root_CodeIgniter4/public/index.php(37): CodeIgniter\CodeIgniter->run()
#4 {main}
CRITICAL - 2022-05-31 02:40:31 --> Call to undefined function App\Controllers\renderJson()
#0 /Applications/MAMP/htdocs/nestiADMIN_CodeIgniter4/project_root_CodeIgniter4/system/CodeIgniter.php(832): App\Controllers\Tags->index()
#1 /Applications/MAMP/htdocs/nestiADMIN_CodeIgniter4/project_root_CodeIgniter4/system/CodeIgniter.php(419): CodeIgniter\CodeIgniter->runController(Object(App\Controllers\Tags))
#2 /Applications/MAMP/htdocs/nestiADMIN_CodeIgniter4/project_root_CodeIgniter4/system/CodeIgniter.php(326): CodeIgniter\CodeIgniter->handleRequest(NULL, Object(Config\Cache), false)
#3 /Applications/MAMP/htdocs/nestiADMIN_CodeIgniter4/project_root_CodeIgniter4/public/index.php(37): CodeIgniter\CodeIgniter->run()
#4 {main}
CRITICAL - 2022-05-31 02:43:37 --> Call to undefined function App\Controllers\renderJson()
#0 /Applications/MAMP/htdocs/nestiADMIN_CodeIgniter4/project_root_CodeIgniter4/system/CodeIgniter.php(832): App\Controllers\Tags->index()
#1 /Applications/MAMP/htdocs/nestiADMIN_CodeIgniter4/project_root_CodeIgniter4/system/CodeIgniter.php(419): CodeIgniter\CodeIgniter->runController(Object(App\Controllers\Tags))
#2 /Applications/MAMP/htdocs/nestiADMIN_CodeIgniter4/project_root_CodeIgniter4/system/CodeIgniter.php(326): CodeIgniter\CodeIgniter->handleRequest(NULL, Object(Config\Cache), false)
#3 /Applications/MAMP/htdocs/nestiADMIN_CodeIgniter4/project_root_CodeIgniter4/public/index.php(37): CodeIgniter\CodeIgniter->run()
#4 {main}
CRITICAL - 2022-05-31 02:59:41 --> Call to undefined function App\Controllers\renderJson()
#0 /Applications/MAMP/htdocs/nestiADMIN_CodeIgniter4/project_root_CodeIgniter4/system/CodeIgniter.php(832): App\Controllers\Tags->index()
#1 /Applications/MAMP/htdocs/nestiADMIN_CodeIgniter4/project_root_CodeIgniter4/system/CodeIgniter.php(419): CodeIgniter\CodeIgniter->runController(Object(App\Controllers\Tags))
#2 /Applications/MAMP/htdocs/nestiADMIN_CodeIgniter4/project_root_CodeIgniter4/system/CodeIgniter.php(326): CodeIgniter\CodeIgniter->handleRequest(NULL, Object(Config\Cache), false)
#3 /Applications/MAMP/htdocs/nestiADMIN_CodeIgniter4/project_root_CodeIgniter4/public/index.php(37): CodeIgniter\CodeIgniter->run()
#4 {main}
CRITICAL - 2022-05-31 03:02:50 --> Call to undefined function App\Controllers\renderJson()
#0 /Applications/MAMP/htdocs/nestiADMIN_CodeIgniter4/project_root_CodeIgniter4/system/CodeIgniter.php(832): App\Controllers\Tags->index()
#1 /Applications/MAMP/htdocs/nestiADMIN_CodeIgniter4/project_root_CodeIgniter4/system/CodeIgniter.php(419): CodeIgniter\CodeIgniter->runController(Object(App\Controllers\Tags))
#2 /Applications/MAMP/htdocs/nestiADMIN_CodeIgniter4/project_root_CodeIgniter4/system/CodeIgniter.php(326): CodeIgniter\CodeIgniter->handleRequest(NULL, Object(Config\Cache), false)
#3 /Applications/MAMP/htdocs/nestiADMIN_CodeIgniter4/project_root_CodeIgniter4/public/index.php(37): CodeIgniter\CodeIgniter->run()
#4 {main}
CRITICAL - 2022-05-31 03:03:07 --> Call to undefined function App\Controllers\renderJson()
#0 /Applications/MAMP/htdocs/nestiADMIN_CodeIgniter4/project_root_CodeIgniter4/system/CodeIgniter.php(832): App\Controllers\Tags->index()
#1 /Applications/MAMP/htdocs/nestiADMIN_CodeIgniter4/project_root_CodeIgniter4/system/CodeIgniter.php(419): CodeIgniter\CodeIgniter->runController(Object(App\Controllers\Tags))
#2 /Applications/MAMP/htdocs/nestiADMIN_CodeIgniter4/project_root_CodeIgniter4/system/CodeIgniter.php(326): CodeIgniter\CodeIgniter->handleRequest(NULL, Object(Config\Cache), false)
#3 /Applications/MAMP/htdocs/nestiADMIN_CodeIgniter4/project_root_CodeIgniter4/public/index.php(37): CodeIgniter\CodeIgniter->run()
#4 {main}
CRITICAL - 2022-05-31 03:08:53 --> Argument 1 passed to App\Controllers\Tags::renderJson() must be of the type array, object given, called in /Applications/MAMP/htdocs/nestiADMIN_CodeIgniter4/project_root_CodeIgniter4/app/Controllers/Tags.php on line 33
#0 /Applications/MAMP/htdocs/nestiADMIN_CodeIgniter4/project_root_CodeIgniter4/app/Controllers/Tags.php(33): App\Controllers\Tags->renderJson(Object(App\Entities\E_Tag))
#1 /Applications/MAMP/htdocs/nestiADMIN_CodeIgniter4/project_root_CodeIgniter4/system/CodeIgniter.php(832): App\Controllers\Tags->oneTag('1')
#2 /Applications/MAMP/htdocs/nestiADMIN_CodeIgniter4/project_root_CodeIgniter4/system/CodeIgniter.php(419): CodeIgniter\CodeIgniter->runController(Object(App\Controllers\Tags))
#3 /Applications/MAMP/htdocs/nestiADMIN_CodeIgniter4/project_root_CodeIgniter4/system/CodeIgniter.php(326): CodeIgniter\CodeIgniter->handleRequest(NULL, Object(Config\Cache), false)
#4 /Applications/MAMP/htdocs/nestiADMIN_CodeIgniter4/project_root_CodeIgniter4/public/index.php(37): CodeIgniter\CodeIgniter->run()
#5 {main}
ERROR - 2022-05-31 04:10:42 --> Error connecting to the database: Connection refused
CRITICAL - 2022-05-31 04:10:42 --> Unable to connect to the database.
Main connection [MySQLi]: Connection refused
#0 /Applications/MAMP/htdocs/nestiADMIN_CodeIgniter4/project_root_CodeIgniter4/system/Database/BaseConnection.php(577): CodeIgniter\Database\BaseConnection->initialize()
#1 /Applications/MAMP/htdocs/nestiADMIN_CodeIgniter4/project_root_CodeIgniter4/app/Models/M_Tag.php(19): CodeIgniter\Database\BaseConnection->query('SELECT * FROM `...', Array)
#2 /Applications/MAMP/htdocs/nestiADMIN_CodeIgniter4/project_root_CodeIgniter4/app/Controllers/Tags.php(32): App\Models\M_Tag->findOneForApi('1')
#3 /Applications/MAMP/htdocs/nestiADMIN_CodeIgniter4/project_root_CodeIgniter4/system/CodeIgniter.php(832): App\Controllers\Tags->oneTag('1')
#4 /Applications/MAMP/htdocs/nestiADMIN_CodeIgniter4/project_root_CodeIgniter4/system/CodeIgniter.php(419): CodeIgniter\CodeIgniter->runController(Object(App\Controllers\Tags))
#5 /Applications/MAMP/htdocs/nestiADMIN_CodeIgniter4/project_root_CodeIgniter4/system/CodeIgniter.php(326): CodeIgniter\CodeIgniter->handleRequest(NULL, Object(Config\Cache), false)
#6 /Applications/MAMP/htdocs/nestiADMIN_CodeIgniter4/project_root_CodeIgniter4/public/index.php(37): CodeIgniter\CodeIgniter->run()
#7 {main}
ERROR - 2022-05-31 04:51:45 --> Error connecting to the database: Connection refused
CRITICAL - 2022-05-31 04:51:45 --> Unable to connect to the database.
Main connection [MySQLi]: Connection refused
#0 /Applications/MAMP/htdocs/nestiADMIN_CodeIgniter4/project_root_CodeIgniter4/system/Database/BaseConnection.php(577): CodeIgniter\Database\BaseConnection->initialize()
#1 /Applications/MAMP/htdocs/nestiADMIN_CodeIgniter4/project_root_CodeIgniter4/system/Database/BaseBuilder.php(1455): CodeIgniter\Database\BaseConnection->query('SELECT *\nFROM `...', Array, false)
#2 /Applications/MAMP/htdocs/nestiADMIN_CodeIgniter4/project_root_CodeIgniter4/system/Model.php(183): CodeIgniter\Database\BaseBuilder->get()
#3 /Applications/MAMP/htdocs/nestiADMIN_CodeIgniter4/project_root_CodeIgniter4/system/BaseModel.php(584): CodeIgniter\Model->doFindAll(0, 0)
#4 /Applications/MAMP/htdocs/nestiADMIN_CodeIgniter4/project_root_CodeIgniter4/app/Controllers/Tags.php(13): CodeIgniter\BaseModel->findAll()
#5 /Applications/MAMP/htdocs/nestiADMIN_CodeIgniter4/project_root_CodeIgniter4/system/CodeIgniter.php(832): App\Controllers\Tags->index()
#6 /Applications/MAMP/htdocs/nestiADMIN_CodeIgniter4/project_root_CodeIgniter4/system/CodeIgniter.php(419): CodeIgniter\CodeIgniter->runController(Object(App\Controllers\Tags))
#7 /Applications/MAMP/htdocs/nestiADMIN_CodeIgniter4/project_root_CodeIgniter4/system/CodeIgniter.php(326): CodeIgniter\CodeIgniter->handleRequest(NULL, Object(Config\Cache), false)
#8 /Applications/MAMP/htdocs/nestiADMIN_CodeIgniter4/project_root_CodeIgniter4/public/index.php(37): CodeIgniter\CodeIgniter->run()
#9 {main}
ERROR - 2022-05-31 05:11:17 --> Error connecting to the database: Access denied for user '****'@'localhost' (using password: YES)
CRITICAL - 2022-05-31 05:11:17 --> Unable to connect to the database.
Main connection [MySQLi]: Access denied for user '****'@'localhost' (using password: YES)
#0 /Applications/MAMP/htdocs/nestiADMIN_CodeIgniter4/project_root_CodeIgniter4/system/Database/BaseConnection.php(577): CodeIgniter\Database\BaseConnection->initialize()
#1 /Applications/MAMP/htdocs/nestiADMIN_CodeIgniter4/project_root_CodeIgniter4/system/Database/BaseBuilder.php(1455): CodeIgniter\Database\BaseConnection->query('SELECT *\nFROM `...', Array, false)
#2 /Applications/MAMP/htdocs/nestiADMIN_CodeIgniter4/project_root_CodeIgniter4/system/Model.php(183): CodeIgniter\Database\BaseBuilder->get()
#3 /Applications/MAMP/htdocs/nestiADMIN_CodeIgniter4/project_root_CodeIgniter4/system/BaseModel.php(584): CodeIgniter\Model->doFindAll(0, 0)
#4 /Applications/MAMP/htdocs/nestiADMIN_CodeIgniter4/project_root_CodeIgniter4/app/Controllers/Tags.php(13): CodeIgniter\BaseModel->findAll()
#5 /Applications/MAMP/htdocs/nestiADMIN_CodeIgniter4/project_root_CodeIgniter4/system/CodeIgniter.php(832): App\Controllers\Tags->index()
#6 /Applications/MAMP/htdocs/nestiADMIN_CodeIgniter4/project_root_CodeIgniter4/system/CodeIgniter.php(419): CodeIgniter\CodeIgniter->runController(Object(App\Controllers\Tags))
#7 /Applications/MAMP/htdocs/nestiADMIN_CodeIgniter4/project_root_CodeIgniter4/system/CodeIgniter.php(326): CodeIgniter\CodeIgniter->handleRequest(NULL, Object(Config\Cache), false)
#8 /Applications/MAMP/htdocs/nestiADMIN_CodeIgniter4/project_root_CodeIgniter4/public/index.php(37): CodeIgniter\CodeIgniter->run()
#9 {main}
ERROR - 2022-05-31 05:36:48 --> Error connecting to the database: Access denied for user '****'@'localhost' (using password: NO)
CRITICAL - 2022-05-31 05:36:48 --> Unable to connect to the database.
Main connection [MySQLi]: Access denied for user '****'@'localhost' (using password: NO)
#0 /Applications/MAMP/htdocs/nestiADMIN_CodeIgniter4/project_root_CodeIgniter4/system/Database/BaseConnection.php(577): CodeIgniter\Database\BaseConnection->initialize()
#1 /Applications/MAMP/htdocs/nestiADMIN_CodeIgniter4/project_root_CodeIgniter4/app/Models/M_ModelRecipe.php(7): CodeIgniter\Database\BaseConnection->query('SELECT * FROM `...')
#2 /Applications/MAMP/htdocs/nestiADMIN_CodeIgniter4/project_root_CodeIgniter4/app/Controllers/ApiController.php(16): App\Models\M_ModelRecipe->findAllForApi()
#3 /Applications/MAMP/htdocs/nestiADMIN_CodeIgniter4/project_root_CodeIgniter4/system/CodeIgniter.php(832): App\Controllers\ApiController->recipes()
#4 /Applications/MAMP/htdocs/nestiADMIN_CodeIgniter4/project_root_CodeIgniter4/system/CodeIgniter.php(419): CodeIgniter\CodeIgniter->runController(Object(App\Controllers\ApiController))
#5 /Applications/MAMP/htdocs/nestiADMIN_CodeIgniter4/project_root_CodeIgniter4/system/CodeIgniter.php(326): CodeIgniter\CodeIgniter->handleRequest(NULL, Object(Config\Cache), false)
#6 /Applications/MAMP/htdocs/nestiADMIN_CodeIgniter4/project_root_CodeIgniter4/public/index.php(37): CodeIgniter\CodeIgniter->run()
#7 {main}
ERROR - 2022-05-31 05:38:26 --> Error connecting to the database: Access denied for user '****'@'localhost' (using password: NO)
CRITICAL - 2022-05-31 05:38:26 --> Unable to connect to the database.
Main connection [MySQLi]: Access denied for user '****'@'localhost' (using password: NO)
#0 /Applications/MAMP/htdocs/nestiADMIN_CodeIgniter4/project_root_CodeIgniter4/system/Database/BaseConnection.php(577): CodeIgniter\Database\BaseConnection->initialize()
#1 /Applications/MAMP/htdocs/nestiADMIN_CodeIgniter4/project_root_CodeIgniter4/app/Models/M_ModelRecipe.php(7): CodeIgniter\Database\BaseConnection->query('SELECT * FROM `...')
#2 /Applications/MAMP/htdocs/nestiADMIN_CodeIgniter4/project_root_CodeIgniter4/app/Controllers/ApiController.php(16): App\Models\M_ModelRecipe->findAllForApi()
#3 /Applications/MAMP/htdocs/nestiADMIN_CodeIgniter4/project_root_CodeIgniter4/system/CodeIgniter.php(832): App\Controllers\ApiController->recipes()
#4 /Applications/MAMP/htdocs/nestiADMIN_CodeIgniter4/project_root_CodeIgniter4/system/CodeIgniter.php(419): CodeIgniter\CodeIgniter->runController(Object(App\Controllers\ApiController))
#5 /Applications/MAMP/htdocs/nestiADMIN_CodeIgniter4/project_root_CodeIgniter4/system/CodeIgniter.php(326): CodeIgniter\CodeIgniter->handleRequest(NULL, Object(Config\Cache), false)
#6 /Applications/MAMP/htdocs/nestiADMIN_CodeIgniter4/project_root_CodeIgniter4/public/index.php(37): CodeIgniter\CodeIgniter->run()
#7 {main}
ERROR - 2022-05-31 05:38:30 --> Error connecting to the database: Access denied for user '****'@'localhost' (using password: NO)
CRITICAL - 2022-05-31 05:38:30 --> Unable to connect to the database.
Main connection [MySQLi]: Access denied for user '****'@'localhost' (using password: NO)
#0 /Applications/MAMP/htdocs/nestiADMIN_CodeIgniter4/project_root_CodeIgniter4/system/Database/BaseConnection.php(577): CodeIgniter\Database\BaseConnection->initialize()
#1 /Applications/MAMP/htdocs/nestiADMIN_CodeIgniter4/project_root_CodeIgniter4/app/Models/M_ModelRecipe.php(33): CodeIgniter\Database\BaseConnection->query('SELECT * FROM `...', Array)
#2 /Applications/MAMP/htdocs/nestiADMIN_CodeIgniter4/project_root_CodeIgniter4/app/Controllers/ApiController.php(23): App\Models\M_ModelRecipe->findOneForApi('season')
#3 /Applications/MAMP/htdocs/nestiADMIN_CodeIgniter4/project_root_CodeIgniter4/system/CodeIgniter.php(832): App\Controllers\ApiController->category('season')
#4 /Applications/MAMP/htdocs/nestiADMIN_CodeIgniter4/project_root_CodeIgniter4/system/CodeIgniter.php(419): CodeIgniter\CodeIgniter->runController(Object(App\Controllers\ApiController))
#5 /Applications/MAMP/htdocs/nestiADMIN_CodeIgniter4/project_root_CodeIgniter4/system/CodeIgniter.php(326): CodeIgniter\CodeIgniter->handleRequest(NULL, Object(Config\Cache), false)
#6 /Applications/MAMP/htdocs/nestiADMIN_CodeIgniter4/project_root_CodeIgniter4/public/index.php(37): CodeIgniter\CodeIgniter->run()
#7 {main}
ERROR - 2022-05-31 05:44:41 --> Error connecting to the database: Access denied for user '****'@'localhost' (using password: NO)
CRITICAL - 2022-05-31 05:44:41 --> Unable to connect to the database.
Main connection [MySQLi]: Access denied for user '****'@'localhost' (using password: NO)
#0 /Applications/MAMP/htdocs/nestiADMIN_CodeIgniter4/project_root_CodeIgniter4/system/Database/BaseConnection.php(577): CodeIgniter\Database\BaseConnection->initialize()
#1 /Applications/MAMP/htdocs/nestiADMIN_CodeIgniter4/project_root_CodeIgniter4/app/Models/M_ModelRecipe.php(7): CodeIgniter\Database\BaseConnection->query('SELECT * FROM `...')
#2 /Applications/MAMP/htdocs/nestiADMIN_CodeIgniter4/project_root_CodeIgniter4/app/Controllers/ApiController.php(16): App\Models\M_ModelRecipe->findAllForApi()
#3 /Applications/MAMP/htdocs/nestiADMIN_CodeIgniter4/project_root_CodeIgniter4/system/CodeIgniter.php(832): App\Controllers\ApiController->recipes()
#4 /Applications/MAMP/htdocs/nestiADMIN_CodeIgniter4/project_root_CodeIgniter4/system/CodeIgniter.php(419): CodeIgniter\CodeIgniter->runController(Object(App\Controllers\ApiController))
#5 /Applications/MAMP/htdocs/nestiADMIN_CodeIgniter4/project_root_CodeIgniter4/system/CodeIgniter.php(326): CodeIgniter\CodeIgniter->handleRequest(NULL, Object(Config\Cache), false)
#6 /Applications/MAMP/htdocs/nestiADMIN_CodeIgniter4/project_root_CodeIgniter4/public/index.php(37): CodeIgniter\CodeIgniter->run()
#7 {main}
ERROR - 2022-05-31 05:46:46 --> Error connecting to the database: Access denied for user '****'@'localhost' (using password: NO)
CRITICAL - 2022-05-31 05:46:46 --> Unable to connect to the database.
Main connection [MySQLi]: Access denied for user '****'@'localhost' (using password: NO)
#0 /Applications/MAMP/htdocs/nestiADMIN_CodeIgniter4/project_root_CodeIgniter4/system/Database/BaseConnection.php(577): CodeIgniter\Database\BaseConnection->initialize()
#1 /Applications/MAMP/htdocs/nestiADMIN_CodeIgniter4/project_root_CodeIgniter4/app/Models/M_ModelRecipe.php(7): CodeIgniter\Database\BaseConnection->query('SELECT * FROM `...')
#2 /Applications/MAMP/htdocs/nestiADMIN_CodeIgniter4/project_root_CodeIgniter4/app/Controllers/ApiController.php(16): App\Models\M_ModelRecipe->findAllForApi()
#3 /Applications/MAMP/htdocs/nestiADMIN_CodeIgniter4/project_root_CodeIgniter4/system/CodeIgniter.php(832): App\Controllers\ApiController->recipes()
#4 /Applications/MAMP/htdocs/nestiADMIN_CodeIgniter4/project_root_CodeIgniter4/system/CodeIgniter.php(419): CodeIgniter\CodeIgniter->runController(Object(App\Controllers\ApiController))
#5 /Applications/MAMP/htdocs/nestiADMIN_CodeIgniter4/project_root_CodeIgniter4/system/CodeIgniter.php(326): CodeIgniter\CodeIgniter->handleRequest(NULL, Object(Config\Cache), false)
#6 /Applications/MAMP/htdocs/nestiADMIN_CodeIgniter4/project_root_CodeIgniter4/public/index.php(37): CodeIgniter\CodeIgniter->run()
#7 {main}
ERROR - 2022-05-31 05:47:13 --> Error connecting to the database: Access denied for user '****'@'localhost' (using password: NO)
CRITICAL - 2022-05-31 05:47:13 --> Unable to connect to the database.
Main connection [MySQLi]: Access denied for user '****'@'localhost' (using password: NO)
#0 /Applications/MAMP/htdocs/nestiADMIN_CodeIgniter4/project_root_CodeIgniter4/system/Database/BaseConnection.php(577): CodeIgniter\Database\BaseConnection->initialize()
#1 /Applications/MAMP/htdocs/nestiADMIN_CodeIgniter4/project_root_CodeIgniter4/app/Models/M_ModelRecipe.php(45): CodeIgniter\Database\BaseConnection->query('SELECT * FROM `...', Array)
#2 /Applications/MAMP/htdocs/nestiADMIN_CodeIgniter4/project_root_CodeIgniter4/app/Controllers/ApiController.php(23): App\Models\M_ModelRecipe->findOneForApi('season')
#3 /Applications/MAMP/htdocs/nestiADMIN_CodeIgniter4/project_root_CodeIgniter4/system/CodeIgniter.php(832): App\Controllers\ApiController->category('season')
#4 /Applications/MAMP/htdocs/nestiADMIN_CodeIgniter4/project_root_CodeIgniter4/system/CodeIgniter.php(419): CodeIgniter\CodeIgniter->runController(Object(App\Controllers\ApiController))
#5 /Applications/MAMP/htdocs/nestiADMIN_CodeIgniter4/project_root_CodeIgniter4/system/CodeIgniter.php(326): CodeIgniter\CodeIgniter->handleRequest(NULL, Object(Config\Cache), false)
#6 /Applications/MAMP/htdocs/nestiADMIN_CodeIgniter4/project_root_CodeIgniter4/public/index.php(37): CodeIgniter\CodeIgniter->run()
#7 {main}
ERROR - 2022-05-31 05:47:31 --> Error connecting to the database: Access denied for user '****'@'localhost' (using password: NO)
CRITICAL - 2022-05-31 05:47:31 --> Unable to connect to the database.
Main connection [MySQLi]: Access denied for user '****'@'localhost' (using password: NO)
#0 /Applications/MAMP/htdocs/nestiADMIN_CodeIgniter4/project_root_CodeIgniter4/system/Database/BaseConnection.php(577): CodeIgniter\Database\BaseConnection->initialize()
#1 /Applications/MAMP/htdocs/nestiADMIN_CodeIgniter4/project_root_CodeIgniter4/app/Models/M_ModelRecipe.php(45): CodeIgniter\Database\BaseConnection->query('SELECT * FROM `...', Array)
#2 /Applications/MAMP/htdocs/nestiADMIN_CodeIgniter4/project_root_CodeIgniter4/app/Controllers/ApiController.php(23): App\Models\M_ModelRecipe->findOneForApi('season')
#3 /Applications/MAMP/htdocs/nestiADMIN_CodeIgniter4/project_root_CodeIgniter4/system/CodeIgniter.php(832): App\Controllers\ApiController->category('season')
#4 /Applications/MAMP/htdocs/nestiADMIN_CodeIgniter4/project_root_CodeIgniter4/system/CodeIgniter.php(419): CodeIgniter\CodeIgniter->runController(Object(App\Controllers\ApiController))
#5 /Applications/MAMP/htdocs/nestiADMIN_CodeIgniter4/project_root_CodeIgniter4/system/CodeIgniter.php(326): CodeIgniter\CodeIgniter->handleRequest(NULL, Object(Config\Cache), false)
#6 /Applications/MAMP/htdocs/nestiADMIN_CodeIgniter4/project_root_CodeIgniter4/public/index.php(37): CodeIgniter\CodeIgniter->run()
#7 {main}
ERROR - 2022-05-31 05:51:18 --> Error connecting to the database: Access denied for user '****'@'localhost' (using password: NO)
CRITICAL - 2022-05-31 05:51:18 --> Unable to connect to the database.
Main connection [MySQLi]: Access denied for user '****'@'localhost' (using password: NO)
#0 /Applications/MAMP/htdocs/nestiADMIN_CodeIgniter4/project_root_CodeIgniter4/system/Database/BaseConnection.php(577): CodeIgniter\Database\BaseConnection->initialize()
#1 /Applications/MAMP/htdocs/nestiADMIN_CodeIgniter4/project_root_CodeIgniter4/app/Models/M_ModelRecipe.php(45): CodeIgniter\Database\BaseConnection->query('SELECT * FROM `...', Array)
#2 /Applications/MAMP/htdocs/nestiADMIN_CodeIgniter4/project_root_CodeIgniter4/app/Controllers/ApiController.php(23): App\Models\M_ModelRecipe->findOneForApi('season')
#3 /Applications/MAMP/htdocs/nestiADMIN_CodeIgniter4/project_root_CodeIgniter4/system/CodeIgniter.php(832): App\Controllers\ApiController->category('season')
#4 /Applications/MAMP/htdocs/nestiADMIN_CodeIgniter4/project_root_CodeIgniter4/system/CodeIgniter.php(419): CodeIgniter\CodeIgniter->runController(Object(App\Controllers\ApiController))
#5 /Applications/MAMP/htdocs/nestiADMIN_CodeIgniter4/project_root_CodeIgniter4/system/CodeIgniter.php(326): CodeIgniter\CodeIgniter->handleRequest(NULL, Object(Config\Cache), false)
#6 /Applications/MAMP/htdocs/nestiADMIN_CodeIgniter4/project_root_CodeIgniter4/public/index.php(37): CodeIgniter\CodeIgniter->run()
#7 {main}
ERROR - 2022-05-31 05:51:26 --> Error connecting to the database: Access denied for user '****'@'localhost' (using password: NO)
CRITICAL - 2022-05-31 05:51:26 --> Unable to connect to the database.
Main connection [MySQLi]: Access denied for user '****'@'localhost' (using password: NO)
#0 /Applications/MAMP/htdocs/nestiADMIN_CodeIgniter4/project_root_CodeIgniter4/system/Database/BaseConnection.php(577): CodeIgniter\Database\BaseConnection->initialize()
#1 /Applications/MAMP/htdocs/nestiADMIN_CodeIgniter4/project_root_CodeIgniter4/app/Models/M_ModelRecipe.php(7): CodeIgniter\Database\BaseConnection->query('SELECT * FROM `...')
#2 /Applications/MAMP/htdocs/nestiADMIN_CodeIgniter4/project_root_CodeIgniter4/app/Controllers/ApiController.php(16): App\Models\M_ModelRecipe->findAllForApi()
#3 /Applications/MAMP/htdocs/nestiADMIN_CodeIgniter4/project_root_CodeIgniter4/system/CodeIgniter.php(832): App\Controllers\ApiController->recipes()
#4 /Applications/MAMP/htdocs/nestiADMIN_CodeIgniter4/project_root_CodeIgniter4/system/CodeIgniter.php(419): CodeIgniter\CodeIgniter->runController(Object(App\Controllers\ApiController))
#5 /Applications/MAMP/htdocs/nestiADMIN_CodeIgniter4/project_root_CodeIgniter4/system/CodeIgniter.php(326): CodeIgniter\CodeIgniter->handleRequest(NULL, Object(Config\Cache), false)
#6 /Applications/MAMP/htdocs/nestiADMIN_CodeIgniter4/project_root_CodeIgniter4/public/index.php(37): CodeIgniter\CodeIgniter->run()
#7 {main}
ERROR - 2022-05-31 05:54:11 --> Error connecting to the database: Access denied for user '****'@'localhost' (using password: NO)
CRITICAL - 2022-05-31 05:54:11 --> Unable to connect to the database.
Main connection [MySQLi]: Access denied for user '****'@'localhost' (using password: NO)
#0 /Applications/MAMP/htdocs/nestiADMIN_CodeIgniter4/project_root_CodeIgniter4/system/Database/BaseConnection.php(577): CodeIgniter\Database\BaseConnection->initialize()
#1 /Applications/MAMP/htdocs/nestiADMIN_CodeIgniter4/project_root_CodeIgniter4/app/Models/M_ModelRecipe.php(7): CodeIgniter\Database\BaseConnection->query('SELECT * FROM `...')
#2 /Applications/MAMP/htdocs/nestiADMIN_CodeIgniter4/project_root_CodeIgniter4/app/Controllers/ApiController.php(16): App\Models\M_ModelRecipe->findAllForApi()
#3 /Applications/MAMP/htdocs/nestiADMIN_CodeIgniter4/project_root_CodeIgniter4/system/CodeIgniter.php(832): App\Controllers\ApiController->recipes()
#4 /Applications/MAMP/htdocs/nestiADMIN_CodeIgniter4/project_root_CodeIgniter4/system/CodeIgniter.php(419): CodeIgniter\CodeIgniter->runController(Object(App\Controllers\ApiController))
#5 /Applications/MAMP/htdocs/nestiADMIN_CodeIgniter4/project_root_CodeIgniter4/system/CodeIgniter.php(326): CodeIgniter\CodeIgniter->handleRequest(NULL, Object(Config\Cache), false)
#6 /Applications/MAMP/htdocs/nestiADMIN_CodeIgniter4/project_root_CodeIgniter4/public/index.php(37): CodeIgniter\CodeIgniter->run()
#7 {main}
ERROR - 2022-05-31 05:59:01 --> Error connecting to the database: Access denied for user '****'@'localhost' (using password: NO)
CRITICAL - 2022-05-31 05:59:01 --> Unable to connect to the database.
Main connection [MySQLi]: Access denied for user '****'@'localhost' (using password: NO)
#0 /Applications/MAMP/htdocs/nestiADMIN_CodeIgniter4/project_root_CodeIgniter4/system/Database/BaseConnection.php(577): CodeIgniter\Database\BaseConnection->initialize()
#1 /Applications/MAMP/htdocs/nestiADMIN_CodeIgniter4/project_root_CodeIgniter4/app/Models/M_ModelRecipe.php(7): CodeIgniter\Database\BaseConnection->query('SELECT * FROM `...')
#2 /Applications/MAMP/htdocs/nestiADMIN_CodeIgniter4/project_root_CodeIgniter4/app/Controllers/ApiController.php(16): App\Models\M_ModelRecipe->findAllForApi()
#3 /Applications/MAMP/htdocs/nestiADMIN_CodeIgniter4/project_root_CodeIgniter4/system/CodeIgniter.php(832): App\Controllers\ApiController->recipes()
#4 /Applications/MAMP/htdocs/nestiADMIN_CodeIgniter4/project_root_CodeIgniter4/system/CodeIgniter.php(419): CodeIgniter\CodeIgniter->runController(Object(App\Controllers\ApiController))
#5 /Applications/MAMP/htdocs/nestiADMIN_CodeIgniter4/project_root_CodeIgniter4/system/CodeIgniter.php(326): CodeIgniter\CodeIgniter->handleRequest(NULL, Object(Config\Cache), false)
#6 /Applications/MAMP/htdocs/nestiADMIN_CodeIgniter4/project_root_CodeIgniter4/public/index.php(37): CodeIgniter\CodeIgniter->run()
#7 {main}
ERROR - 2022-05-31 05:59:44 --> Error connecting to the database: Access denied for user '****'@'localhost' (using password: NO)
CRITICAL - 2022-05-31 05:59:44 --> Unable to connect to the database.
Main connection [MySQLi]: Access denied for user '****'@'localhost' (using password: NO)
#0 /Applications/MAMP/htdocs/nestiADMIN_CodeIgniter4/project_root_CodeIgniter4/system/Database/BaseConnection.php(577): CodeIgniter\Database\BaseConnection->initialize()
#1 /Applications/MAMP/htdocs/nestiADMIN_CodeIgniter4/project_root_CodeIgniter4/app/Models/M_ModelRecipe.php(7): CodeIgniter\Database\BaseConnection->query('SELECT * FROM `...')
#2 /Applications/MAMP/htdocs/nestiADMIN_CodeIgniter4/project_root_CodeIgniter4/app/Controllers/ApiController.php(16): App\Models\M_ModelRecipe->findAllForApi()
#3 /Applications/MAMP/htdocs/nestiADMIN_CodeIgniter4/project_root_CodeIgniter4/system/CodeIgniter.php(832): App\Controllers\ApiController->recipes()
#4 /Applications/MAMP/htdocs/nestiADMIN_CodeIgniter4/project_root_CodeIgniter4/system/CodeIgniter.php(419): CodeIgniter\CodeIgniter->runController(Object(App\Controllers\ApiController))
#5 /Applications/MAMP/htdocs/nestiADMIN_CodeIgniter4/project_root_CodeIgniter4/system/CodeIgniter.php(326): CodeIgniter\CodeIgniter->handleRequest(NULL, Object(Config\Cache), false)
#6 /Applications/MAMP/htdocs/nestiADMIN_CodeIgniter4/project_root_CodeIgniter4/public/index.php(37): CodeIgniter\CodeIgniter->run()
#7 {main}
ERROR - 2022-05-31 05:59:51 --> Error connecting to the database: Access denied for user '****'@'localhost' (using password: NO)
CRITICAL - 2022-05-31 05:59:51 --> Unable to connect to the database.
Main connection [MySQLi]: Access denied for user '****'@'localhost' (using password: NO)
#0 /Applications/MAMP/htdocs/nestiADMIN_CodeIgniter4/project_root_CodeIgniter4/system/Database/BaseConnection.php(577): CodeIgniter\Database\BaseConnection->initialize()
#1 /Applications/MAMP/htdocs/nestiADMIN_CodeIgniter4/project_root_CodeIgniter4/app/Models/M_ModelRecipe.php(45): CodeIgniter\Database\BaseConnection->query('SELECT * FROM `...', Array)
#2 /Applications/MAMP/htdocs/nestiADMIN_CodeIgniter4/project_root_CodeIgniter4/app/Controllers/ApiController.php(23): App\Models\M_ModelRecipe->findOneForApi('season')
#3 /Applications/MAMP/htdocs/nestiADMIN_CodeIgniter4/project_root_CodeIgniter4/system/CodeIgniter.php(832): App\Controllers\ApiController->category('season')
#4 /Applications/MAMP/htdocs/nestiADMIN_CodeIgniter4/project_root_CodeIgniter4/system/CodeIgniter.php(419): CodeIgniter\CodeIgniter->runController(Object(App\Controllers\ApiController))
#5 /Applications/MAMP/htdocs/nestiADMIN_CodeIgniter4/project_root_CodeIgniter4/system/CodeIgniter.php(326): CodeIgniter\CodeIgniter->handleRequest(NULL, Object(Config\Cache), false)
#6 /Applications/MAMP/htdocs/nestiADMIN_CodeIgniter4/project_root_CodeIgniter4/public/index.php(37): CodeIgniter\CodeIgniter->run()
#7 {main}
ERROR - 2022-05-31 08:15:28 --> Table 'mcdphpnesti.view_api_recipes_all' doesn't exist
CRITICAL - 2022-05-31 08:15:28 --> Table 'mcdphpnesti.view_api_recipes_all' doesn't exist
#0 /Applications/MAMP/htdocs/nestiADMIN_CodeIgniter4/project_root_CodeIgniter4/system/Database/MySQLi/Connection.php(292): mysqli->query('SELECT * FROM `...', 0)
#1 /Applications/MAMP/htdocs/nestiADMIN_CodeIgniter4/project_root_CodeIgniter4/system/Database/BaseConnection.php(670): CodeIgniter\Database\MySQLi\Connection->execute('SELECT * FROM `...')
#2 /Applications/MAMP/htdocs/nestiADMIN_CodeIgniter4/project_root_CodeIgniter4/system/Database/BaseConnection.php(598): CodeIgniter\Database\BaseConnection->simpleQuery('SELECT * FROM `...')
#3 /Applications/MAMP/htdocs/nestiADMIN_CodeIgniter4/project_root_CodeIgniter4/app/Models/M_ModelRecipe.php(7): CodeIgniter\Database\BaseConnection->query('SELECT * FROM `...')
#4 /Applications/MAMP/htdocs/nestiADMIN_CodeIgniter4/project_root_CodeIgniter4/app/Controllers/ApiController.php(16): App\Models\M_ModelRecipe->findAllForApi()
#5 /Applications/MAMP/htdocs/nestiADMIN_CodeIgniter4/project_root_CodeIgniter4/system/CodeIgniter.php(832): App\Controllers\ApiController->recipes()
#6 /Applications/MAMP/htdocs/nestiADMIN_CodeIgniter4/project_root_CodeIgniter4/system/CodeIgniter.php(419): CodeIgniter\CodeIgniter->runController(Object(App\Controllers\ApiController))
#7 /Applications/MAMP/htdocs/nestiADMIN_CodeIgniter4/project_root_CodeIgniter4/system/CodeIgniter.php(326): CodeIgniter\CodeIgniter->handleRequest(NULL, Object(Config\Cache), false)
#8 /Applications/MAMP/htdocs/nestiADMIN_CodeIgniter4/project_root_CodeIgniter4/public/index.php(37): CodeIgniter\CodeIgniter->run()
#9 {main}
