CRITICAL - 2022-04-08 04:07:11 --> include(tags.php): failed to open stream: No such file or directory
#0 /Applications/MAMP/htdocs/framework-4.1.9/app/Views/tag/all-tags.php(4): CodeIgniter\Debug\Exceptions->errorHandler(2, 'include(tags.ph...', '/Applications/M...', 4, Array)
#1 /Applications/MAMP/htdocs/framework-4.1.9/app/Views/tag/all-tags.php(4): include()
#2 /Applications/MAMP/htdocs/framework-4.1.9/system/View/View.php(210): include('/Applications/M...')
#3 /Applications/MAMP/htdocs/framework-4.1.9/system/View/View.php(213): CodeIgniter\View\View->CodeIgniter\View\{closure}()
#4 /Applications/MAMP/htdocs/framework-4.1.9/system/Common.php(1089): CodeIgniter\View\View->render('Views/tag/all-t...', Array, true)
#5 /Applications/MAMP/htdocs/framework-4.1.9/app/Controllers/BaseController.php(74): view('Views/tag/all-t...', Array)
#6 /Applications/MAMP/htdocs/framework-4.1.9/app/Controllers/Tags.php(18): App\Controllers\BaseController->renderTemplate('tag/all-tags', Array)
#7 /Applications/MAMP/htdocs/framework-4.1.9/system/CodeIgniter.php(832): App\Controllers\Tags->index()
#8 /Applications/MAMP/htdocs/framework-4.1.9/system/CodeIgniter.php(419): CodeIgniter\CodeIgniter->runController(Object(App\Controllers\Tags))
#9 /Applications/MAMP/htdocs/framework-4.1.9/system/CodeIgniter.php(326): CodeIgniter\CodeIgniter->handleRequest(NULL, Object(Config\Cache), false)
#10 /Applications/MAMP/htdocs/framework-4.1.9/public/index.php(37): CodeIgniter\CodeIgniter->run()
#11 {main}
CRITICAL - 2022-04-08 04:07:35 --> include(tags.php): failed to open stream: No such file or directory
#0 /Applications/MAMP/htdocs/framework-4.1.9/app/Views/tag/all-tags.php(4): CodeIgniter\Debug\Exceptions->errorHandler(2, 'include(tags.ph...', '/Applications/M...', 4, Array)
#1 /Applications/MAMP/htdocs/framework-4.1.9/app/Views/tag/all-tags.php(4): include()
#2 /Applications/MAMP/htdocs/framework-4.1.9/system/View/View.php(210): include('/Applications/M...')
#3 /Applications/MAMP/htdocs/framework-4.1.9/system/View/View.php(213): CodeIgniter\View\View->CodeIgniter\View\{closure}()
#4 /Applications/MAMP/htdocs/framework-4.1.9/system/Common.php(1089): CodeIgniter\View\View->render('Views/tag/all-t...', Array, true)
#5 /Applications/MAMP/htdocs/framework-4.1.9/app/Controllers/BaseController.php(74): view('Views/tag/all-t...', Array)
#6 /Applications/MAMP/htdocs/framework-4.1.9/app/Controllers/Tags.php(18): App\Controllers\BaseController->renderTemplate('tag/all-tags', Array)
#7 /Applications/MAMP/htdocs/framework-4.1.9/system/CodeIgniter.php(832): App\Controllers\Tags->index()
#8 /Applications/MAMP/htdocs/framework-4.1.9/system/CodeIgniter.php(419): CodeIgniter\CodeIgniter->runController(Object(App\Controllers\Tags))
#9 /Applications/MAMP/htdocs/framework-4.1.9/system/CodeIgniter.php(326): CodeIgniter\CodeIgniter->handleRequest(NULL, Object(Config\Cache), false)
#10 /Applications/MAMP/htdocs/framework-4.1.9/public/index.php(37): CodeIgniter\CodeIgniter->run()
#11 {main}
CRITICAL - 2022-04-08 04:07:38 --> include(tags.php): failed to open stream: No such file or directory
#0 /Applications/MAMP/htdocs/framework-4.1.9/app/Views/tag/all-tags.php(4): CodeIgniter\Debug\Exceptions->errorHandler(2, 'include(tags.ph...', '/Applications/M...', 4, Array)
#1 /Applications/MAMP/htdocs/framework-4.1.9/app/Views/tag/all-tags.php(4): include()
#2 /Applications/MAMP/htdocs/framework-4.1.9/system/View/View.php(210): include('/Applications/M...')
#3 /Applications/MAMP/htdocs/framework-4.1.9/system/View/View.php(213): CodeIgniter\View\View->CodeIgniter\View\{closure}()
#4 /Applications/MAMP/htdocs/framework-4.1.9/system/Common.php(1089): CodeIgniter\View\View->render('Views/tag/all-t...', Array, true)
#5 /Applications/MAMP/htdocs/framework-4.1.9/app/Controllers/BaseController.php(74): view('Views/tag/all-t...', Array)
#6 /Applications/MAMP/htdocs/framework-4.1.9/app/Controllers/Tags.php(18): App\Controllers\BaseController->renderTemplate('tag/all-tags', Array)
#7 /Applications/MAMP/htdocs/framework-4.1.9/system/CodeIgniter.php(832): App\Controllers\Tags->index()
#8 /Applications/MAMP/htdocs/framework-4.1.9/system/CodeIgniter.php(419): CodeIgniter\CodeIgniter->runController(Object(App\Controllers\Tags))
#9 /Applications/MAMP/htdocs/framework-4.1.9/system/CodeIgniter.php(326): CodeIgniter\CodeIgniter->handleRequest(NULL, Object(Config\Cache), false)
#10 /Applications/MAMP/htdocs/framework-4.1.9/public/index.php(37): CodeIgniter\CodeIgniter->run()
#11 {main}
CRITICAL - 2022-04-08 04:07:47 --> include(tags.php): failed to open stream: No such file or directory
#0 /Applications/MAMP/htdocs/framework-4.1.9/app/Views/tag/all-tags.php(4): CodeIgniter\Debug\Exceptions->errorHandler(2, 'include(tags.ph...', '/Applications/M...', 4, Array)
#1 /Applications/MAMP/htdocs/framework-4.1.9/app/Views/tag/all-tags.php(4): include()
#2 /Applications/MAMP/htdocs/framework-4.1.9/system/View/View.php(210): include('/Applications/M...')
#3 /Applications/MAMP/htdocs/framework-4.1.9/system/View/View.php(213): CodeIgniter\View\View->CodeIgniter\View\{closure}()
#4 /Applications/MAMP/htdocs/framework-4.1.9/system/Common.php(1089): CodeIgniter\View\View->render('Views/tag/all-t...', Array, true)
#5 /Applications/MAMP/htdocs/framework-4.1.9/app/Controllers/BaseController.php(74): view('Views/tag/all-t...', Array)
#6 /Applications/MAMP/htdocs/framework-4.1.9/app/Controllers/Tags.php(18): App\Controllers\BaseController->renderTemplate('tag/all-tags', Array)
#7 /Applications/MAMP/htdocs/framework-4.1.9/system/CodeIgniter.php(832): App\Controllers\Tags->index()
#8 /Applications/MAMP/htdocs/framework-4.1.9/system/CodeIgniter.php(419): CodeIgniter\CodeIgniter->runController(Object(App\Controllers\Tags))
#9 /Applications/MAMP/htdocs/framework-4.1.9/system/CodeIgniter.php(326): CodeIgniter\CodeIgniter->handleRequest(NULL, Object(Config\Cache), false)
#10 /Applications/MAMP/htdocs/framework-4.1.9/public/index.php(37): CodeIgniter\CodeIgniter->run()
#11 {main}
CRITICAL - 2022-04-08 04:08:36 --> include(tags.php): failed to open stream: No such file or directory
#0 /Applications/MAMP/htdocs/framework-4.1.9/app/Views/tag/one-tag.php(1): CodeIgniter\Debug\Exceptions->errorHandler(2, 'include(tags.ph...', '/Applications/M...', 1, Array)
#1 /Applications/MAMP/htdocs/framework-4.1.9/app/Views/tag/one-tag.php(1): include()
#2 /Applications/MAMP/htdocs/framework-4.1.9/system/View/View.php(210): include('/Applications/M...')
#3 /Applications/MAMP/htdocs/framework-4.1.9/system/View/View.php(213): CodeIgniter\View\View->CodeIgniter\View\{closure}()
#4 /Applications/MAMP/htdocs/framework-4.1.9/system/Common.php(1089): CodeIgniter\View\View->render('Views/tag/one-t...', Array, true)
#5 /Applications/MAMP/htdocs/framework-4.1.9/app/Controllers/BaseController.php(74): view('Views/tag/one-t...', Array)
#6 /Applications/MAMP/htdocs/framework-4.1.9/app/Controllers/Tags.php(28): App\Controllers\BaseController->renderTemplate('tag/one-tag')
#7 /Applications/MAMP/htdocs/framework-4.1.9/system/CodeIgniter.php(832): App\Controllers\Tags->oneTag()
#8 /Applications/MAMP/htdocs/framework-4.1.9/system/CodeIgniter.php(419): CodeIgniter\CodeIgniter->runController(Object(App\Controllers\Tags))
#9 /Applications/MAMP/htdocs/framework-4.1.9/system/CodeIgniter.php(326): CodeIgniter\CodeIgniter->handleRequest(NULL, Object(Config\Cache), false)
#10 /Applications/MAMP/htdocs/framework-4.1.9/public/index.php(37): CodeIgniter\CodeIgniter->run()
#11 {main}
CRITICAL - 2022-04-08 04:16:18 --> Too few arguments to function App\Controllers\Tags::oneTag(), 0 passed in /Applications/MAMP/htdocs/framework-4.1.9/system/CodeIgniter.php on line 832 and exactly 1 expected
#0 /Applications/MAMP/htdocs/framework-4.1.9/system/CodeIgniter.php(832): App\Controllers\Tags->oneTag()
#1 /Applications/MAMP/htdocs/framework-4.1.9/system/CodeIgniter.php(419): CodeIgniter\CodeIgniter->runController(Object(App\Controllers\Tags))
#2 /Applications/MAMP/htdocs/framework-4.1.9/system/CodeIgniter.php(326): CodeIgniter\CodeIgniter->handleRequest(NULL, Object(Config\Cache), false)
#3 /Applications/MAMP/htdocs/framework-4.1.9/public/index.php(37): CodeIgniter\CodeIgniter->run()
#4 {main}
CRITICAL - 2022-04-08 05:02:41 --> include(tags.php): failed to open stream: No such file or directory
#0 /Applications/MAMP/htdocs/framework-4.1.9/app/Views/tag/search-tag.php(1): CodeIgniter\Debug\Exceptions->errorHandler(2, 'include(tags.ph...', '/Applications/M...', 1, Array)
#1 /Applications/MAMP/htdocs/framework-4.1.9/app/Views/tag/search-tag.php(1): include()
#2 /Applications/MAMP/htdocs/framework-4.1.9/system/View/View.php(210): include('/Applications/M...')
#3 /Applications/MAMP/htdocs/framework-4.1.9/system/View/View.php(213): CodeIgniter\View\View->CodeIgniter\View\{closure}()
#4 /Applications/MAMP/htdocs/framework-4.1.9/system/Common.php(1089): CodeIgniter\View\View->render('Views/tag/searc...', Array, true)
#5 /Applications/MAMP/htdocs/framework-4.1.9/app/Controllers/BaseController.php(74): view('Views/tag/searc...', Array)
#6 /Applications/MAMP/htdocs/framework-4.1.9/app/Controllers/Tags.php(35): App\Controllers\BaseController->renderTemplate('tag/search-tag')
#7 /Applications/MAMP/htdocs/framework-4.1.9/system/CodeIgniter.php(832): App\Controllers\Tags->rechercherTag()
#8 /Applications/MAMP/htdocs/framework-4.1.9/system/CodeIgniter.php(419): CodeIgniter\CodeIgniter->runController(Object(App\Controllers\Tags))
#9 /Applications/MAMP/htdocs/framework-4.1.9/system/CodeIgniter.php(326): CodeIgniter\CodeIgniter->handleRequest(NULL, Object(Config\Cache), false)
#10 /Applications/MAMP/htdocs/framework-4.1.9/public/index.php(37): CodeIgniter\CodeIgniter->run()
#11 {main}
